[debug] [2023-11-22T17:53:41.488Z] ----------------------------------------------------------------------
[debug] [2023-11-22T17:53:41.490Z] Command:       C:\Program Files\nodejs\node.exe C:\Users\malek\AppData\Roaming\npm\node_modules\firebase-tools\lib\bin\firebase.js deploy --only functions
[debug] [2023-11-22T17:53:41.490Z] CLI Version:   12.7.0
[debug] [2023-11-22T17:53:41.490Z] Platform:      win32
[debug] [2023-11-22T17:53:41.491Z] Node Version:  v16.17.1
[debug] [2023-11-22T17:53:41.491Z] Time:          Wed Nov 22 2023 12:53:41 GMT-0500 (Eastern Standard Time)
[debug] [2023-11-22T17:53:41.491Z] ----------------------------------------------------------------------
[debug] 
[debug] [2023-11-22T17:53:41.556Z] > command requires scopes: ["email","openid","https://www.googleapis.com/auth/cloudplatformprojects.readonly","https://www.googleapis.com/auth/firebase","https://www.googleapis.com/auth/cloud-platform"]
[debug] [2023-11-22T17:53:41.556Z] > authorizing via signed-in user (best.malek20@gmail.com)
[debug] [2023-11-22T17:53:41.556Z] [iam] checking project cooking-ninja-site-54241 for permissions ["cloudfunctions.functions.create","cloudfunctions.functions.delete","cloudfunctions.functions.get","cloudfunctions.functions.list","cloudfunctions.functions.update","cloudfunctions.operations.get","firebase.projects.get"]
[debug] [2023-11-22T17:53:41.558Z] >>> [apiv2][query] POST https://cloudresourcemanager.googleapis.com/v1/projects/cooking-ninja-site-54241:testIamPermissions [none]
[debug] [2023-11-22T17:53:41.558Z] >>> [apiv2][(partial)header] POST https://cloudresourcemanager.googleapis.com/v1/projects/cooking-ninja-site-54241:testIamPermissions x-goog-quota-user=projects/cooking-ninja-site-54241
[debug] [2023-11-22T17:53:41.559Z] >>> [apiv2][body] POST https://cloudresourcemanager.googleapis.com/v1/projects/cooking-ninja-site-54241:testIamPermissions {"permissions":["cloudfunctions.functions.create","cloudfunctions.functions.delete","cloudfunctions.functions.get","cloudfunctions.functions.list","cloudfunctions.functions.update","cloudfunctions.operations.get","firebase.projects.get"]}
[debug] [2023-11-22T17:53:41.821Z] <<< [apiv2][status] POST https://cloudresourcemanager.googleapis.com/v1/projects/cooking-ninja-site-54241:testIamPermissions 200
[debug] [2023-11-22T17:53:41.821Z] <<< [apiv2][body] POST https://cloudresourcemanager.googleapis.com/v1/projects/cooking-ninja-site-54241:testIamPermissions {"permissions":["cloudfunctions.functions.create","cloudfunctions.functions.delete","cloudfunctions.functions.get","cloudfunctions.functions.list","cloudfunctions.functions.update","cloudfunctions.operations.get","firebase.projects.get"]}
[debug] [2023-11-22T17:53:41.822Z] >>> [apiv2][query] POST https://iam.googleapis.com/v1/projects/cooking-ninja-site-54241/serviceAccounts/cooking-ninja-site-54241@appspot.gserviceaccount.com:testIamPermissions [none]
[debug] [2023-11-22T17:53:41.822Z] >>> [apiv2][body] POST https://iam.googleapis.com/v1/projects/cooking-ninja-site-54241/serviceAccounts/cooking-ninja-site-54241@appspot.gserviceaccount.com:testIamPermissions {"permissions":["iam.serviceAccounts.actAs"]}
[debug] [2023-11-22T17:53:42.086Z] <<< [apiv2][status] POST https://iam.googleapis.com/v1/projects/cooking-ninja-site-54241/serviceAccounts/cooking-ninja-site-54241@appspot.gserviceaccount.com:testIamPermissions 200
[debug] [2023-11-22T17:53:42.086Z] <<< [apiv2][body] POST https://iam.googleapis.com/v1/projects/cooking-ninja-site-54241/serviceAccounts/cooking-ninja-site-54241@appspot.gserviceaccount.com:testIamPermissions {"permissions":["iam.serviceAccounts.actAs"]}
[info] 
[info] === Deploying to 'cooking-ninja-site-54241'...
[info] 
[info] i  deploying functions 
[info] Running command: npm --prefix "$RESOURCE_DIR" run lint
